<?xml version="1.0" encoding="UTF-8" ?>
<testsuite failures="0" time="6.939" errors="1" skipped="0" tests="1" name="cn.edu.nju.tsip.test.service.TeacherServiceTest">
  <properties>
[...]
</properties>
  <testcase time="6.759" classname="cn.edu.nju.tsip.test.service.TeacherServiceTest" name="createTest">
    <error message="could not insert: [cn.edu.nju.tsip.entity.Teacher]; SQL [insert into User (version, createDate, headImg_id, loginName, loginPlace, online, password, realName) values (?, ?, ?, ?, ?, ?, ?, ?)]; constraint [null]; nested exception is org.hibernate.exception.ConstraintViolationException: could not insert: [cn.edu.nju.tsip.entity.Teacher]" type="org.springframework.dao.DataIntegrityViolationException">org.springframework.dao.DataIntegrityViolationException: could not insert: [cn.edu.nju.tsip.entity.Teacher]; SQL [insert into User (version, createDate, headImg_id, loginName, loginPlace, online, password, realName) values (?, ?, ?, ?, ?, ?, ?, ?)]; constraint [null]; nested exception is org.hibernate.exception.ConstraintViolationException: could not insert: [cn.edu.nju.tsip.entity.Teacher]
	at org.springframework.orm.hibernate3.SessionFactoryUtils.convertHibernateAccessException(SessionFactoryUtils.java:637)
	at org.springframework.orm.hibernate3.HibernateAccessor.convertHibernateAccessException(HibernateAccessor.java:412)
	at org.springframework.orm.hibernate3.HibernateTemplate.doExecute(HibernateTemplate.java:411)
	at org.springframework.orm.hibernate3.HibernateTemplate.executeWithNativeSession(HibernateTemplate.java:374)
	at org.springframework.orm.hibernate3.HibernateTemplate.persist(HibernateTemplate.java:793)
	at cn.edu.nju.tsip.dao.impl.DaoImpl.persist(DaoImpl.java:22)
	at cn.edu.nju.tsip.service.impl.TeacherServiceImpl.create(TeacherServiceImpl.java:15)
	at cn.edu.nju.tsip.service.impl.TeacherServiceImpl.create(TeacherServiceImpl.java:1)
	at cn.edu.nju.tsip.service.impl.ServiceImpl.create(ServiceImpl.java:1)
	at cn.edu.nju.tsip.test.service.TeacherServiceTest.createTest(TeacherServiceTest.java:60)
	at sun.reflect.NativeMethodAccessorImpl.invoke0(Native Method)
	at sun.reflect.NativeMethodAccessorImpl.invoke(NativeMethodAccessorImpl.java:39)
	at sun.reflect.DelegatingMethodAccessorImpl.invoke(DelegatingMethodAccessorImpl.java:25)
	at java.lang.reflect.Method.invoke(Method.java:597)
	at org.junit.runners.model.FrameworkMethod$1.runReflectiveCall(FrameworkMethod.java:44)
	at org.junit.internal.runners.model.ReflectiveCallable.run(ReflectiveCallable.java:15)
	at org.junit.runners.model.FrameworkMethod.invokeExplosively(FrameworkMethod.java:41)
	at org.junit.internal.runners.statements.InvokeMethod.evaluate(InvokeMethod.java:20)
	at org.junit.runners.BlockJUnit4ClassRunner.runChild(BlockJUnit4ClassRunner.java:76)
	at org.junit.runners.BlockJUnit4ClassRunner.runChild(BlockJUnit4ClassRunner.java:50)
	at org.junit.runners.ParentRunner$3.run(ParentRunner.java:193)
	at org.junit.runners.ParentRunner$1.schedule(ParentRunner.java:52)
	at org.junit.runners.ParentRunner.runChildren(ParentRunner.java:191)
	at org.junit.runners.ParentRunner.access$000(ParentRunner.java:42)
	at org.junit.runners.ParentRunner$2.evaluate(ParentRunner.java:184)
	at org.junit.runners.ParentRunner.run(ParentRunner.java:236)
	at org.apache.maven.surefire.junit4.JUnit4TestSet.execute(JUnit4TestSet.java:35)
	at org.apache.maven.surefire.junit4.JUnit4Provider.executeTestSet(JUnit4Provider.java:115)
	at org.apache.maven.surefire.junit4.JUnit4Provider.invoke(JUnit4Provider.java:97)
	at sun.reflect.NativeMethodAccessorImpl.invoke0(Native Method)
	at sun.reflect.NativeMethodAccessorImpl.invoke(NativeMethodAccessorImpl.java:39)
	at sun.reflect.DelegatingMethodAccessorImpl.invoke(DelegatingMethodAccessorImpl.java:25)
	at java.lang.reflect.Method.invoke(Method.java:597)
	at org.apache.maven.surefire.booter.ProviderFactory$ClassLoaderProxy.invoke(ProviderFactory.java:103)
	at $Proxy0.invoke(Unknown Source)
	at org.apache.maven.surefire.booter.SurefireStarter.invokeProvider(SurefireStarter.java:150)
	at org.apache.maven.surefire.booter.SurefireStarter.runSuitesInProcess(SurefireStarter.java:91)
	at org.apache.maven.surefire.booter.ForkedBooter.main(ForkedBooter.java:69)
Caused by: org.hibernate.exception.ConstraintViolationException: could not insert: [cn.edu.nju.tsip.entity.Teacher]
	at org.hibernate.exception.SQLStateConverter.convert(SQLStateConverter.java:94)
	at org.hibernate.exception.JDBCExceptionHelper.convert(JDBCExceptionHelper.java:66)
	at org.hibernate.id.insert.AbstractReturningDelegate.performInsert(AbstractReturningDelegate.java:64)
	at org.hibernate.persister.entity.AbstractEntityPersister.insert(AbstractEntityPersister.java:2176)
	at org.hibernate.persister.entity.AbstractEntityPersister.insert(AbstractEntityPersister.java:2656)
	at org.hibernate.action.EntityIdentityInsertAction.execute(EntityIdentityInsertAction.java:71)
	at org.hibernate.engine.ActionQueue.execute(ActionQueue.java:279)
	at org.hibernate.engine.ActionQueue.executeActions(ActionQueue.java:263)
	at org.hibernate.engine.ActionQueue.executeActions(ActionQueue.java:167)
	at org.hibernate.event.def.AbstractFlushingEventListener.performExecutions(AbstractFlushingEventListener.java:321)
	at org.hibernate.event.def.DefaultFlushEventListener.onFlush(DefaultFlushEventListener.java:50)
	at org.hibernate.impl.SessionImpl.flush(SessionImpl.java:1028)
	at org.springframework.orm.hibernate3.HibernateAccessor.flushIfNecessary(HibernateAccessor.java:390)
	at org.springframework.orm.hibernate3.HibernateTemplate.doExecute(HibernateTemplate.java:407)
	... 35 more
Caused by: com.mysql.jdbc.exceptions.jdbc4.MySQLIntegrityConstraintViolationException: Duplicate entry &apos;eryuding&apos; for key &apos;loginName&apos;
	at sun.reflect.NativeConstructorAccessorImpl.newInstance0(Native Method)
	at sun.reflect.NativeConstructorAccessorImpl.newInstance(NativeConstructorAccessorImpl.java:39)
	at sun.reflect.DelegatingConstructorAccessorImpl.newInstance(DelegatingConstructorAccessorImpl.java:27)
	at java.lang.reflect.Constructor.newInstance(Constructor.java:513)
	at com.mysql.jdbc.Util.handleNewInstance(Util.java:406)
	at com.mysql.jdbc.Util.getInstance(Util.java:381)
	at com.mysql.jdbc.SQLError.createSQLException(SQLError.java:1015)
	at com.mysql.jdbc.SQLError.createSQLException(SQLError.java:956)
	at com.mysql.jdbc.MysqlIO.checkErrorPacket(MysqlIO.java:3491)
	at com.mysql.jdbc.MysqlIO.checkErrorPacket(MysqlIO.java:3423)
	at com.mysql.jdbc.MysqlIO.sendCommand(MysqlIO.java:1936)
	at com.mysql.jdbc.MysqlIO.sqlQueryDirect(MysqlIO.java:2060)
	at com.mysql.jdbc.ConnectionImpl.execSQL(ConnectionImpl.java:2542)
	at com.mysql.jdbc.PreparedStatement.executeInternal(PreparedStatement.java:1734)
	at com.mysql.jdbc.PreparedStatement.executeUpdate(PreparedStatement.java:2019)
	at com.mysql.jdbc.PreparedStatement.executeUpdate(PreparedStatement.java:1937)
	at com.mysql.jdbc.PreparedStatement.executeUpdate(PreparedStatement.java:1922)
	at org.apache.commons.dbcp.DelegatingPreparedStatement.executeUpdate(DelegatingPreparedStatement.java:102)
	at org.hibernate.id.IdentityGenerator$GetGeneratedKeysDelegate.executeAndExtract(IdentityGenerator.java:94)
	at org.hibernate.id.insert.AbstractReturningDelegate.performInsert(AbstractReturningDelegate.java:57)
	... 46 more
</error>
    <system-out>@SLTests run: 1, Failures: 0, Errors: 1, Skipped: 0, Time elapsed: 0.031 sec &lt;&lt;&lt; FAILURE!
@SLRunning cn.edu.nju.tsip.test.service.TeacherServiceTest
INFO : org.springframework.test.context.TestContextManager - @TestExecutionListeners is not present for class [class cn.edu.nju.tsip.test.service.TeacherServiceTest]: using defaults.
INFO : org.springframework.beans.factory.xml.XmlBeanDefinitionReader - Loading XML bean definitions from class path resource [spring/root-context.xml]
INFO : org.springframework.beans.factory.xml.XmlBeanDefinitionReader - Loading XML bean definitions from class path resource [spring/appServlet/servlet-context.xml]
INFO : org.springframework.beans.factory.xml.XmlBeanDefinitionReader - Loading XML bean definitions from class path resource [spring/appServlet/controllers.xml]
INFO : org.springframework.context.annotation.ClassPathBeanDefinitionScanner - JSR-330 &apos;javax.inject.Named&apos; annotation found and supported for component scanning
INFO : org.springframework.beans.factory.xml.XmlBeanDefinitionReader - Loading XML bean definitions from class path resource [spring/appServlet/controllers.xml]
INFO : org.springframework.context.annotation.ClassPathBeanDefinitionScanner - JSR-330 &apos;javax.inject.Named&apos; annotation found and supported for component scanning
INFO : org.springframework.context.support.GenericApplicationContext - Refreshing org.springframework.context.support.GenericApplicationContext@153c375: startup date [Wed Jun 15 15:01:17 CST 2011]; root of context hierarchy
INFO : org.springframework.beans.factory.annotation.AutowiredAnnotationBeanPostProcessor - JSR-330 &apos;javax.inject.Inject&apos; annotation found and supported for autowiring
INFO : org.springframework.beans.factory.support.DefaultListableBeanFactory - Pre-instantiating singletons in org.springframework.beans.factory.support.DefaultListableBeanFactory@11f23e5: defining beans [multipartResolver,dataSource,sessionFactory,hibernateTemplate,transactionManager,org.springframework.web.servlet.mvc.annotation.DefaultAnnotationHandlerMapping#0,org.springframework.format.support.FormattingConversionServiceFactoryBean#0,org.springframework.validation.beanvalidation.LocalValidatorFactoryBean#0,org.springframework.web.servlet.mvc.annotation.AnnotationMethodHandlerAdapter#0,org.springframework.web.servlet.handler.MappedInterceptor#0,org.springframework.web.servlet.mvc.HttpRequestHandlerAdapter,org.springframework.web.servlet.resource.ResourceHttpRequestHandler#0,org.springframework.web.servlet.handler.SimpleUrlHandlerMapping#0,org.springframework.web.servlet.view.InternalResourceViewResolver#0,dao,albumService,userDetailsService,studentService,groupletterService,letterService,fileService,disugroupService,bbsService,articleService,messageService,userService,mblogService,categoryService,teacherService,pictureService,commentService,articleController,studentController,BBSController,homeController,mblogController,pictureController,letterController,fileController,messageController,userController,org.springframework.context.annotation.internalConfigurationAnnotationProcessor,org.springframework.context.annotation.internalAutowiredAnnotationProcessor,org.springframework.context.annotation.internalRequiredAnnotationProcessor,org.springframework.context.annotation.internalCommonAnnotationProcessor,org.springframework.context.annotation.internalPersistenceAnnotationProcessor]; root of factory hierarchy
INFO : org.hibernate.cfg.annotations.Version - Hibernate Annotations 3.3.1.GA
INFO : org.hibernate.cfg.Environment - Hibernate 3.3.2.GA
INFO : org.hibernate.cfg.Environment - hibernate.properties not found
INFO : org.hibernate.cfg.Environment - Bytecode provider name : javassist
INFO : org.hibernate.cfg.Environment - using JDK 1.4 java.sql.Timestamp handling
INFO : org.hibernate.cfg.AnnotationBinder - Binding entity from annotated class: cn.edu.nju.tsip.entity.GroupLetter
INFO : org.hibernate.cfg.annotations.EntityBinder - Bind entity cn.edu.nju.tsip.entity.GroupLetter on table GroupLetter
INFO : org.hibernate.cfg.AnnotationBinder - Binding entity from annotated class: cn.edu.nju.tsip.entity.CourseInfo
INFO : org.hibernate.cfg.annotations.EntityBinder - Bind entity cn.edu.nju.tsip.entity.CourseInfo on table CourseInfo
INFO : org.hibernate.cfg.AnnotationBinder - Binding entity from annotated class: cn.edu.nju.tsip.entity.Letter
INFO : org.hibernate.cfg.annotations.EntityBinder - Bind entity cn.edu.nju.tsip.entity.Letter on table Letter
INFO : org.hibernate.cfg.AnnotationBinder - Binding entity from annotated class: cn.edu.nju.tsip.entity.User
INFO : org.hibernate.cfg.annotations.EntityBinder - Bind entity cn.edu.nju.tsip.entity.User on table User
INFO : org.hibernate.cfg.AnnotationBinder - Binding entity from annotated class: cn.edu.nju.tsip.entity.Admin
INFO : org.hibernate.cfg.annotations.EntityBinder - Bind entity cn.edu.nju.tsip.entity.Admin on table Admin
INFO : org.hibernate.cfg.AnnotationBinder - Binding entity from annotated class: cn.edu.nju.tsip.entity.MBlog
INFO : org.hibernate.cfg.annotations.EntityBinder - Bind entity cn.edu.nju.tsip.entity.MBlog on table MBlog
INFO : org.hibernate.cfg.AnnotationBinder - Binding entity from annotated class: cn.edu.nju.tsip.entity.Student
INFO : org.hibernate.cfg.annotations.EntityBinder - Bind entity cn.edu.nju.tsip.entity.Student on table Student
INFO : org.hibernate.cfg.AnnotationBinder - Binding entity from annotated class: cn.edu.nju.tsip.entity.Authority
INFO : org.hibernate.cfg.annotations.EntityBinder - Bind entity cn.edu.nju.tsip.entity.Authority on table Authority
INFO : org.hibernate.cfg.AnnotationBinder - Binding entity from annotated class: cn.edu.nju.tsip.entity.DisuGroup
INFO : org.hibernate.cfg.annotations.EntityBinder - Bind entity cn.edu.nju.tsip.entity.DisuGroup on table DisuGroup
INFO : org.hibernate.cfg.AnnotationBinder - Binding entity from annotated class: cn.edu.nju.tsip.entity.BBS
INFO : org.hibernate.cfg.annotations.EntityBinder - Bind entity cn.edu.nju.tsip.entity.BBS on table BBS
INFO : org.hibernate.cfg.AnnotationBinder - Binding entity from annotated class: cn.edu.nju.tsip.entity.Counsellor
INFO : org.hibernate.cfg.annotations.EntityBinder - Bind entity cn.edu.nju.tsip.entity.Counsellor on table Counsellor
INFO : org.hibernate.cfg.AnnotationBinder - Binding entity from annotated class: cn.edu.nju.tsip.entity.UploadFile
INFO : org.hibernate.cfg.annotations.EntityBinder - Bind entity cn.edu.nju.tsip.entity.UploadFile on table UploadFile
INFO : org.hibernate.cfg.AnnotationBinder - Binding entity from annotated class: cn.edu.nju.tsip.entity.Teacher
INFO : org.hibernate.cfg.annotations.EntityBinder - Bind entity cn.edu.nju.tsip.entity.Teacher on table Teacher
INFO : org.hibernate.cfg.AnnotationBinder - Binding entity from annotated class: cn.edu.nju.tsip.entity.Course
INFO : org.hibernate.cfg.annotations.EntityBinder - Bind entity cn.edu.nju.tsip.entity.Course on table Course
INFO : org.hibernate.cfg.AnnotationBinder - Binding entity from annotated class: cn.edu.nju.tsip.entity.Picture
INFO : org.hibernate.cfg.annotations.EntityBinder - Bind entity cn.edu.nju.tsip.entity.Picture on table Picture
INFO : org.hibernate.cfg.AnnotationBinder - Binding entity from annotated class: cn.edu.nju.tsip.entity.Message
INFO : org.hibernate.cfg.annotations.EntityBinder - Bind entity cn.edu.nju.tsip.entity.Message on table Message
INFO : org.hibernate.cfg.AnnotationBinder - Binding entity from annotated class: cn.edu.nju.tsip.entity.Article
INFO : org.hibernate.cfg.annotations.EntityBinder - Bind entity cn.edu.nju.tsip.entity.Article on table Article
INFO : org.hibernate.cfg.AnnotationBinder - Binding entity from annotated class: cn.edu.nju.tsip.entity.Leader
INFO : org.hibernate.cfg.annotations.EntityBinder - Bind entity cn.edu.nju.tsip.entity.Leader on table Leader
INFO : org.hibernate.cfg.AnnotationBinder - Binding entity from annotated class: cn.edu.nju.tsip.entity.UserGroup
INFO : org.hibernate.cfg.annotations.EntityBinder - Bind entity cn.edu.nju.tsip.entity.UserGroup on table UserGroup
INFO : org.hibernate.cfg.AnnotationBinder - Binding entity from annotated class: cn.edu.nju.tsip.entity.Message_User
INFO : org.hibernate.cfg.annotations.EntityBinder - Bind entity cn.edu.nju.tsip.entity.Message_User on table Message_User
INFO : org.hibernate.cfg.AnnotationBinder - Binding entity from annotated class: cn.edu.nju.tsip.entity.Album
INFO : org.hibernate.cfg.annotations.EntityBinder - Bind entity cn.edu.nju.tsip.entity.Album on table Album
INFO : org.hibernate.cfg.AnnotationBinder - Binding entity from annotated class: cn.edu.nju.tsip.entity.Role
INFO : org.hibernate.cfg.annotations.EntityBinder - Bind entity cn.edu.nju.tsip.entity.Role on table Role
INFO : org.hibernate.cfg.AnnotationBinder - Binding entity from annotated class: cn.edu.nju.tsip.entity.Comment
INFO : org.hibernate.cfg.annotations.EntityBinder - Bind entity cn.edu.nju.tsip.entity.Comment on table Comment
INFO : org.hibernate.cfg.AnnotationBinder - Binding entity from annotated class: cn.edu.nju.tsip.entity.Category
INFO : org.hibernate.cfg.annotations.EntityBinder - Bind entity cn.edu.nju.tsip.entity.Category on table Category
INFO : org.hibernate.cfg.annotations.CollectionBinder - Mapping collection: cn.edu.nju.tsip.entity.Comment.cmntChilds -&gt; Comment
INFO : org.hibernate.cfg.annotations.CollectionBinder - Mapping collection: cn.edu.nju.tsip.entity.Album.pictures -&gt; Picture
INFO : org.hibernate.cfg.annotations.CollectionBinder - Mapping collection: cn.edu.nju.tsip.entity.Article.comments -&gt; Comment
INFO : org.hibernate.cfg.annotations.CollectionBinder - Mapping collection: cn.edu.nju.tsip.entity.Message.comments -&gt; Comment
INFO : org.hibernate.cfg.annotations.CollectionBinder - Mapping collection: cn.edu.nju.tsip.entity.Picture.comments -&gt; Comment
INFO : org.hibernate.cfg.annotations.CollectionBinder - Mapping collection: cn.edu.nju.tsip.entity.BBS.comments -&gt; Comment
INFO : org.hibernate.cfg.annotations.CollectionBinder - Mapping collection: cn.edu.nju.tsip.entity.MBlog.comments -&gt; Comment
INFO : org.hibernate.cfg.annotations.CollectionBinder - Mapping collection: cn.edu.nju.tsip.entity.User.userGroups -&gt; UserGroup
INFO : org.hibernate.cfg.annotations.CollectionBinder - Mapping collection: cn.edu.nju.tsip.entity.User.albums -&gt; Album
INFO : org.hibernate.cfg.annotations.CollectionBinder - Mapping collection: cn.edu.nju.tsip.entity.User.categories -&gt; Category
INFO : org.hibernate.cfg.annotations.CollectionBinder - Mapping collection: cn.edu.nju.tsip.entity.User.mBlogs -&gt; MBlog
INFO : org.hibernate.cfg.annotations.CollectionBinder - Mapping collection: cn.edu.nju.tsip.entity.User.publishMsgs -&gt; Message
INFO : org.hibernate.cfg.annotations.CollectionBinder - Mapping collection: cn.edu.nju.tsip.entity.User.user2Messages -&gt; Message_User
INFO : org.hibernate.cfg.annotations.CollectionBinder - Mapping collection: cn.edu.nju.tsip.entity.Student.courseInfos -&gt; CourseInfo
INFO : org.hibernate.cfg.annotations.CollectionBinder - Mapping collection: cn.edu.nju.tsip.entity.Message.message2Users -&gt; Message_User
INFO : org.hibernate.cfg.annotations.CollectionBinder - Mapping collection: cn.edu.nju.tsip.entity.Category.articles -&gt; Article
INFO : org.hibernate.cfg.AnnotationConfiguration - Hibernate Validator not found: ignoring
INFO : org.springframework.orm.hibernate3.annotation.AnnotationSessionFactoryBean - Building new Hibernate SessionFactory
INFO : org.hibernate.connection.ConnectionProviderFactory - Initializing connection provider: org.springframework.orm.hibernate3.LocalDataSourceConnectionProvider
INFO : org.hibernate.cfg.SettingsFactory - RDBMS: MySQL, version: 5.1.41
INFO : org.hibernate.cfg.SettingsFactory - JDBC driver: MySQL-AB JDBC Driver, version: mysql-connector-java-5.1.6 ( Revision: ${svn.Revision} )
INFO : org.hibernate.dialect.Dialect - Using dialect: org.hibernate.dialect.MySQLDialect
INFO : org.hibernate.transaction.TransactionFactoryFactory - Transaction strategy: org.springframework.orm.hibernate3.SpringTransactionFactory
INFO : org.hibernate.transaction.TransactionManagerLookupFactory - No TransactionManagerLookup configured (in JTA environment, use of read-write or transactional second-level cache is not recommended)
INFO : org.hibernate.cfg.SettingsFactory - Automatic flush during beforeCompletion(): disabled
INFO : org.hibernate.cfg.SettingsFactory - Automatic session close at end of transaction: disabled
INFO : org.hibernate.cfg.SettingsFactory - JDBC batch size: 15
INFO : org.hibernate.cfg.SettingsFactory - JDBC batch updates for versioned data: disabled
INFO : org.hibernate.cfg.SettingsFactory - Scrollable result sets: enabled
INFO : org.hibernate.cfg.SettingsFactory - JDBC3 getGeneratedKeys(): enabled
INFO : org.hibernate.cfg.SettingsFactory - Connection release mode: auto
INFO : org.hibernate.cfg.SettingsFactory - Maximum outer join fetch depth: 2
INFO : org.hibernate.cfg.SettingsFactory - Default batch fetch size: 1
INFO : org.hibernate.cfg.SettingsFactory - Generate SQL with comments: disabled
INFO : org.hibernate.cfg.SettingsFactory - Order SQL updates by primary key: disabled
INFO : org.hibernate.cfg.SettingsFactory - Order SQL inserts for batching: disabled
INFO : org.hibernate.cfg.SettingsFactory - Query translator: org.hibernate.hql.ast.ASTQueryTranslatorFactory
INFO : org.hibernate.hql.ast.ASTQueryTranslatorFactory - Using ASTQueryTranslatorFactory
INFO : org.hibernate.cfg.SettingsFactory - Query language substitutions: {}
INFO : org.hibernate.cfg.SettingsFactory - JPA-QL strict compliance: disabled
INFO : org.hibernate.cfg.SettingsFactory - Second-level cache: enabled
INFO : org.hibernate.cfg.SettingsFactory - Query cache: disabled
INFO : org.hibernate.cfg.SettingsFactory - Cache region factory : org.hibernate.cache.impl.NoCachingRegionFactory
INFO : org.hibernate.cfg.SettingsFactory - Optimize cache for minimal puts: disabled
INFO : org.hibernate.cfg.SettingsFactory - Structured second-level cache entries: disabled
INFO : org.hibernate.cfg.SettingsFactory - Echoing all SQL to stdout
INFO : org.hibernate.cfg.SettingsFactory - Statistics: disabled
INFO : org.hibernate.cfg.SettingsFactory - Deleted entity synthetic identifier rollback: disabled
INFO : org.hibernate.cfg.SettingsFactory - Default entity-mode: pojo
INFO : org.hibernate.cfg.SettingsFactory - Named query checking : enabled
INFO : org.hibernate.impl.SessionFactoryImpl - building session factory
INFO : org.hibernate.impl.SessionFactoryObjectFactory - Not binding factory to JNDI, no JNDI name configured
INFO : org.hibernate.tool.hbm2ddl.SchemaUpdate - Running hbm2ddl schema update
INFO : org.hibernate.tool.hbm2ddl.SchemaUpdate - fetching database metadata
INFO : org.hibernate.tool.hbm2ddl.SchemaUpdate - updating schema
INFO : org.hibernate.tool.hbm2ddl.TableMetadata - table found: tsip.Admin
INFO : org.hibernate.tool.hbm2ddl.TableMetadata - columns: [id]
INFO : org.hibernate.tool.hbm2ddl.TableMetadata - foreign keys: []
INFO : org.hibernate.tool.hbm2ddl.TableMetadata - indexes: [fk3c3132f1ecdbc99, primary]
INFO : org.hibernate.tool.hbm2ddl.TableMetadata - table found: tsip.Album
INFO : org.hibernate.tool.hbm2ddl.TableMetadata - columns: [id, name, owner_id, createdate, sharealbum_id, version]
INFO : org.hibernate.tool.hbm2ddl.TableMetadata - foreign keys: []
INFO : org.hibernate.tool.hbm2ddl.TableMetadata - indexes: [fk3c68e4f81ef4da5, fk3c68e4fc7fdae6, primary]
INFO : org.hibernate.tool.hbm2ddl.TableMetadata - table found: tsip.Article
INFO : org.hibernate.tool.hbm2ddl.TableMetadata - columns: [content, id, title, publisher_id, visible, createdate, category_id, updatedate, articles_id, sharearticle_id, version]
INFO : org.hibernate.tool.hbm2ddl.TableMetadata - foreign keys: []
INFO : org.hibernate.tool.hbm2ddl.TableMetadata - indexes: [fk379164d63373c686, fk379164d6b00c6dbc, fk379164d68031b2d, primary, fk379164d6dd2d898e]
INFO : org.hibernate.tool.hbm2ddl.TableMetadata - table found: tsip.Authority
INFO : org.hibernate.tool.hbm2ddl.TableMetadata - columns: [id, name, version]
INFO : org.hibernate.tool.hbm2ddl.TableMetadata - foreign keys: []
INFO : org.hibernate.tool.hbm2ddl.TableMetadata - indexes: [name, primary]
INFO : org.hibernate.tool.hbm2ddl.TableMetadata - table found: tsip.BBS
INFO : org.hibernate.tool.hbm2ddl.TableMetadata - columns: [content, id, title, publisher_id, createdate, readtimes, version]
INFO : org.hibernate.tool.hbm2ddl.TableMetadata - foreign keys: []
INFO : org.hibernate.tool.hbm2ddl.TableMetadata - indexes: [primary, fk10013b00c6dbc]
INFO : org.hibernate.tool.hbm2ddl.TableMetadata - table found: tsip.Category
INFO : org.hibernate.tool.hbm2ddl.TableMetadata - columns: [id, name, owner_id, version]
INFO : org.hibernate.tool.hbm2ddl.TableMetadata - foreign keys: []
INFO : org.hibernate.tool.hbm2ddl.TableMetadata - indexes: [primary, fk6dd211e81ef4da5]
INFO : org.hibernate.tool.hbm2ddl.TableMetadata - table found: tsip.Comment
INFO : org.hibernate.tool.hbm2ddl.TableMetadata - columns: [content, id, authorip, createdate, cmntchilds_id, author_id, comments_id, version]
INFO : org.hibernate.tool.hbm2ddl.TableMetadata - foreign keys: []
INFO : org.hibernate.tool.hbm2ddl.TableMetadata - indexes: [fk9bde863f59f77b1, fk9bde863f37d0b7a2, fk9bde863fc82679f, fk9bde863ffc67e7a9, fk9bde863f6de95166, primary, fk9bde863f76c18fcd, fk9bde863f60fa1aba]
INFO : org.hibernate.tool.hbm2ddl.TableMetadata - table found: tsip.Counsellor
INFO : org.hibernate.tool.hbm2ddl.TableMetadata - columns: [id, birthday, sex, hobby, talent, remarks, csno]
INFO : org.hibernate.tool.hbm2ddl.TableMetadata - foreign keys: []
INFO : org.hibernate.tool.hbm2ddl.TableMetadata - indexes: [fk37bb051a1ecdbc99, primary]
INFO : org.hibernate.tool.hbm2ddl.TableMetadata - table found: tsip.Course
INFO : org.hibernate.tool.hbm2ddl.TableMetadata - columns: [id, name, version]
INFO : org.hibernate.tool.hbm2ddl.TableMetadata - foreign keys: []
INFO : org.hibernate.tool.hbm2ddl.TableMetadata - indexes: [primary]
INFO : org.hibernate.tool.hbm2ddl.TableMetadata - table found: tsip.CourseInfo
INFO : org.hibernate.tool.hbm2ddl.TableMetadata - columns: [id, student_id, course_id, semester, version]
INFO : org.hibernate.tool.hbm2ddl.TableMetadata - foreign keys: []
INFO : org.hibernate.tool.hbm2ddl.TableMetadata - indexes: [fkb440f89fd14bf47, fkb440f89da965acd, primary]
INFO : org.hibernate.tool.hbm2ddl.TableMetadata - table found: tsip.DisuGroup
INFO : org.hibernate.tool.hbm2ddl.TableMetadata - columns: [id, name, creator_id, version]
INFO : org.hibernate.tool.hbm2ddl.TableMetadata - foreign keys: []
INFO : org.hibernate.tool.hbm2ddl.TableMetadata - indexes: [fk8cba88f87104a18c, primary]
INFO : org.hibernate.tool.hbm2ddl.TableMetadata - table found: tsip.DisuGroup_User
INFO : org.hibernate.tool.hbm2ddl.TableMetadata - columns: [disugroup_id, users_id]
INFO : org.hibernate.tool.hbm2ddl.TableMetadata - foreign keys: []
INFO : org.hibernate.tool.hbm2ddl.TableMetadata - indexes: [primary, fk172f6ad2ef97630, fk172f6ad2488beac7]
INFO : org.hibernate.tool.hbm2ddl.TableMetadata - table found: tsip.GroupLetter
INFO : org.hibernate.tool.hbm2ddl.TableMetadata - columns: [content, id, disugroup_id, readed, sender_id, createdate, receiver_id, version]
INFO : org.hibernate.tool.hbm2ddl.TableMetadata - foreign keys: []
INFO : org.hibernate.tool.hbm2ddl.TableMetadata - indexes: [fk83e7936520b8dee3, fk83e79365488beac7, fk83e79365a17b3ce9, primary]
INFO : org.hibernate.tool.hbm2ddl.TableMetadata - table found: tsip.Leader
INFO : org.hibernate.tool.hbm2ddl.TableMetadata - columns: [id]
INFO : org.hibernate.tool.hbm2ddl.TableMetadata - foreign keys: []
INFO : org.hibernate.tool.hbm2ddl.TableMetadata - indexes: [primary, fk876d31291ecdbc99]
INFO : org.hibernate.tool.hbm2ddl.TableMetadata - table found: tsip.Letter
INFO : org.hibernate.tool.hbm2ddl.TableMetadata - columns: [content, id, readed, sender_id, createdate, receiver_id, version]
INFO : org.hibernate.tool.hbm2ddl.TableMetadata - foreign keys: []
INFO : org.hibernate.tool.hbm2ddl.TableMetadata - indexes: [primary, fk87761046a17b3ce9, fk8776104620b8dee3]
INFO : org.hibernate.tool.hbm2ddl.TableMetadata - table found: tsip.MBlog
INFO : org.hibernate.tool.hbm2ddl.TableMetadata - columns: [content, id, publisher_id, createdate, flwblog_id, deleted, version]
INFO : org.hibernate.tool.hbm2ddl.TableMetadata - foreign keys: []
INFO : org.hibernate.tool.hbm2ddl.TableMetadata - indexes: [primary, fk45cb58fe4e9a1a3, fk45cb58fb00c6dbc]
INFO : org.hibernate.tool.hbm2ddl.TableMetadata - table found: tsip.Message
INFO : org.hibernate.tool.hbm2ddl.TableMetadata - columns: [content, id, title, publisher_id, version]
INFO : org.hibernate.tool.hbm2ddl.TableMetadata - foreign keys: []
INFO : org.hibernate.tool.hbm2ddl.TableMetadata - indexes: [primary, fk9c2397e7b00c6dbc]
INFO : org.hibernate.tool.hbm2ddl.TableMetadata - table found: tsip.Message_User
INFO : org.hibernate.tool.hbm2ddl.TableMetadata - columns: [id, message2users_id, readed, message_id, user_id, version]
INFO : org.hibernate.tool.hbm2ddl.TableMetadata - foreign keys: []
INFO : org.hibernate.tool.hbm2ddl.TableMetadata - indexes: [fkbd155943168b4831, primary, fkbd1559437ec45bc7, fkbd15594316089d8d]
INFO : org.hibernate.tool.hbm2ddl.TableMetadata - table found: tsip.Picture
INFO : org.hibernate.tool.hbm2ddl.TableMetadata - columns: [id, descritpion, name, createdate, sharepicture_id, pictures_id, version]
INFO : org.hibernate.tool.hbm2ddl.TableMetadata - foreign keys: []
INFO : org.hibernate.tool.hbm2ddl.TableMetadata - indexes: [fk40c8f4ded58d6986, fk40c8f4de6dfe9781, primary]
INFO : org.hibernate.tool.hbm2ddl.TableMetadata - table found: tsip.Role
INFO : org.hibernate.tool.hbm2ddl.TableMetadata - columns: [id, name, version]
INFO : org.hibernate.tool.hbm2ddl.TableMetadata - foreign keys: []
INFO : org.hibernate.tool.hbm2ddl.TableMetadata - indexes: [name, primary]
INFO : org.hibernate.tool.hbm2ddl.TableMetadata - table found: tsip.Role_Authority
INFO : org.hibernate.tool.hbm2ddl.TableMetadata - columns: [role_id, authoritylist_id]
INFO : org.hibernate.tool.hbm2ddl.TableMetadata - foreign keys: []
INFO : org.hibernate.tool.hbm2ddl.TableMetadata - indexes: [fk37add2ba70ddd9ad, fk37add2baca200729]
INFO : org.hibernate.tool.hbm2ddl.TableMetadata - table found: tsip.Student
INFO : org.hibernate.tool.hbm2ddl.TableMetadata - columns: [id, stno, birthday, sex, hobby, talent, remarks]
INFO : org.hibernate.tool.hbm2ddl.TableMetadata - foreign keys: []
INFO : org.hibernate.tool.hbm2ddl.TableMetadata - indexes: [fkf3371a1b1ecdbc99, primary]
INFO : org.hibernate.tool.hbm2ddl.TableMetadata - table found: tsip.Teacher
INFO : org.hibernate.tool.hbm2ddl.TableMetadata - columns: [id, birthday, sex, trno]
INFO : org.hibernate.tool.hbm2ddl.TableMetadata - foreign keys: []
INFO : org.hibernate.tool.hbm2ddl.TableMetadata - indexes: [primary, fkd6a63c21ecdbc99]
INFO : org.hibernate.tool.hbm2ddl.TableMetadata - table found: tsip.UploadFile
INFO : org.hibernate.tool.hbm2ddl.TableMetadata - columns: [id, publisher_id, location, description, name, createdate, version]
INFO : org.hibernate.tool.hbm2ddl.TableMetadata - foreign keys: []
INFO : org.hibernate.tool.hbm2ddl.TableMetadata - indexes: [fk684e6b3db00c6dbc, primary]
INFO : org.hibernate.tool.hbm2ddl.TableMetadata - table found: tsip.User
INFO : org.hibernate.tool.hbm2ddl.TableMetadata - columns: [id, loginname, loginplace, createdate, realname, password, headimg_id, online, version]
INFO : org.hibernate.tool.hbm2ddl.TableMetadata - foreign keys: []
INFO : org.hibernate.tool.hbm2ddl.TableMetadata - indexes: [loginname, primary, fk285feb4a41d62]
INFO : org.hibernate.tool.hbm2ddl.TableMetadata - table found: tsip.UserGroup
INFO : org.hibernate.tool.hbm2ddl.TableMetadata - columns: [id, usergroups_id, name, version]
INFO : org.hibernate.tool.hbm2ddl.TableMetadata - foreign keys: []
INFO : org.hibernate.tool.hbm2ddl.TableMetadata - indexes: [primary, fk8a5be154c4152f79]
INFO : org.hibernate.tool.hbm2ddl.TableMetadata - table found: tsip.UserGroup_User
INFO : org.hibernate.tool.hbm2ddl.TableMetadata - columns: [usergroup_id, users_id]
INFO : org.hibernate.tool.hbm2ddl.TableMetadata - foreign keys: []
INFO : org.hibernate.tool.hbm2ddl.TableMetadata - indexes: [fk3da2ebf68116bd47, primary, fk3da2ebf6ef97630]
INFO : org.hibernate.tool.hbm2ddl.TableMetadata - table found: tsip.User_Role
INFO : org.hibernate.tool.hbm2ddl.TableMetadata - columns: [rolelist_id, user_id]
INFO : org.hibernate.tool.hbm2ddl.TableMetadata - foreign keys: []
INFO : org.hibernate.tool.hbm2ddl.TableMetadata - indexes: [fk8b9f886aec0a074f, fk8b9f886a16089d8d]
INFO : org.hibernate.tool.hbm2ddl.SchemaUpdate - schema update complete
INFO : org.springframework.orm.hibernate3.HibernateTransactionManager - Using DataSource [org.apache.commons.dbcp.BasicDataSource@122cc7e] of Hibernate SessionFactory for HibernateTransactionManager
INFO : org.hibernate.validator.util.Version - Hibernate Validator 4.1.0.Final
INFO : org.springframework.web.servlet.mvc.annotation.DefaultAnnotationHandlerMapping - Mapped URL path [/client/article/getall] onto handler &apos;articleController&apos;
INFO : org.springframework.web.servlet.mvc.annotation.DefaultAnnotationHandlerMapping - Mapped URL path [/client/article/getall.*] onto handler &apos;articleController&apos;
INFO : org.springframework.web.servlet.mvc.annotation.DefaultAnnotationHandlerMapping - Mapped URL path [/client/article/getall/] onto handler &apos;articleController&apos;
INFO : org.springframework.web.servlet.mvc.annotation.DefaultAnnotationHandlerMapping - Mapped URL path [/client/article/add] onto handler &apos;articleController&apos;
INFO : org.springframework.web.servlet.mvc.annotation.DefaultAnnotationHandlerMapping - Mapped URL path [/client/article/add.*] onto handler &apos;articleController&apos;
INFO : org.springframework.web.servlet.mvc.annotation.DefaultAnnotationHandlerMapping - Mapped URL path [/client/article/add/] onto handler &apos;articleController&apos;
INFO : org.springframework.web.servlet.mvc.annotation.DefaultAnnotationHandlerMapping - Mapped URL path [/client/category/add] onto handler &apos;articleController&apos;
INFO : org.springframework.web.servlet.mvc.annotation.DefaultAnnotationHandlerMapping - Mapped URL path [/client/category/add.*] onto handler &apos;articleController&apos;
INFO : org.springframework.web.servlet.mvc.annotation.DefaultAnnotationHandlerMapping - Mapped URL path [/client/category/add/] onto handler &apos;articleController&apos;
INFO : org.springframework.web.servlet.mvc.annotation.DefaultAnnotationHandlerMapping - Mapped URL path [/client/category/delete] onto handler &apos;articleController&apos;
INFO : org.springframework.web.servlet.mvc.annotation.DefaultAnnotationHandlerMapping - Mapped URL path [/client/category/delete.*] onto handler &apos;articleController&apos;
INFO : org.springframework.web.servlet.mvc.annotation.DefaultAnnotationHandlerMapping - Mapped URL path [/client/category/delete/] onto handler &apos;articleController&apos;
INFO : org.springframework.web.servlet.mvc.annotation.DefaultAnnotationHandlerMapping - Mapped URL path [/client/article/delete] onto handler &apos;articleController&apos;
INFO : org.springframework.web.servlet.mvc.annotation.DefaultAnnotationHandlerMapping - Mapped URL path [/client/article/delete.*] onto handler &apos;articleController&apos;
INFO : org.springframework.web.servlet.mvc.annotation.DefaultAnnotationHandlerMapping - Mapped URL path [/client/article/delete/] onto handler &apos;articleController&apos;
INFO : org.springframework.web.servlet.mvc.annotation.DefaultAnnotationHandlerMapping - Mapped URL path [/client/student/getinfo] onto handler &apos;studentController&apos;
INFO : org.springframework.web.servlet.mvc.annotation.DefaultAnnotationHandlerMapping - Mapped URL path [/client/student/getinfo.*] onto handler &apos;studentController&apos;
INFO : org.springframework.web.servlet.mvc.annotation.DefaultAnnotationHandlerMapping - Mapped URL path [/client/student/getinfo/] onto handler &apos;studentController&apos;
INFO : org.springframework.web.servlet.mvc.annotation.DefaultAnnotationHandlerMapping - Mapped URL path [/client/student/getmyinfo] onto handler &apos;studentController&apos;
INFO : org.springframework.web.servlet.mvc.annotation.DefaultAnnotationHandlerMapping - Mapped URL path [/client/student/getmyinfo.*] onto handler &apos;studentController&apos;
INFO : org.springframework.web.servlet.mvc.annotation.DefaultAnnotationHandlerMapping - Mapped URL path [/client/student/getmyinfo/] onto handler &apos;studentController&apos;
INFO : org.springframework.web.servlet.mvc.annotation.DefaultAnnotationHandlerMapping - Mapped URL path [/client/student/changeinfo] onto handler &apos;studentController&apos;
INFO : org.springframework.web.servlet.mvc.annotation.DefaultAnnotationHandlerMapping - Mapped URL path [/client/student/changeinfo.*] onto handler &apos;studentController&apos;
INFO : org.springframework.web.servlet.mvc.annotation.DefaultAnnotationHandlerMapping - Mapped URL path [/client/student/changeinfo/] onto handler &apos;studentController&apos;
INFO : org.springframework.web.servlet.mvc.annotation.DefaultAnnotationHandlerMapping - Mapped URL path [/client/student/add] onto handler &apos;studentController&apos;
INFO : org.springframework.web.servlet.mvc.annotation.DefaultAnnotationHandlerMapping - Mapped URL path [/client/student/add.*] onto handler &apos;studentController&apos;
INFO : org.springframework.web.servlet.mvc.annotation.DefaultAnnotationHandlerMapping - Mapped URL path [/client/student/add/] onto handler &apos;studentController&apos;
INFO : org.springframework.web.servlet.mvc.annotation.DefaultAnnotationHandlerMapping - Mapped URL path [/client/student/search] onto handler &apos;studentController&apos;
INFO : org.springframework.web.servlet.mvc.annotation.DefaultAnnotationHandlerMapping - Mapped URL path [/client/student/search.*] onto handler &apos;studentController&apos;
INFO : org.springframework.web.servlet.mvc.annotation.DefaultAnnotationHandlerMapping - Mapped URL path [/client/student/search/] onto handler &apos;studentController&apos;
INFO : org.springframework.web.servlet.mvc.annotation.DefaultAnnotationHandlerMapping - Mapped URL path [/client/BBS/get] onto handler &apos;BBSController&apos;
INFO : org.springframework.web.servlet.mvc.annotation.DefaultAnnotationHandlerMapping - Mapped URL path [/client/BBS/get.*] onto handler &apos;BBSController&apos;
INFO : org.springframework.web.servlet.mvc.annotation.DefaultAnnotationHandlerMapping - Mapped URL path [/client/BBS/get/] onto handler &apos;BBSController&apos;
INFO : org.springframework.web.servlet.mvc.annotation.DefaultAnnotationHandlerMapping - Mapped URL path [/client/BBS/create] onto handler &apos;BBSController&apos;
INFO : org.springframework.web.servlet.mvc.annotation.DefaultAnnotationHandlerMapping - Mapped URL path [/client/BBS/create.*] onto handler &apos;BBSController&apos;
INFO : org.springframework.web.servlet.mvc.annotation.DefaultAnnotationHandlerMapping - Mapped URL path [/client/BBS/create/] onto handler &apos;BBSController&apos;
INFO : org.springframework.web.servlet.mvc.annotation.DefaultAnnotationHandlerMapping - Mapped URL path [/client/BBS/change] onto handler &apos;BBSController&apos;
INFO : org.springframework.web.servlet.mvc.annotation.DefaultAnnotationHandlerMapping - Mapped URL path [/client/BBS/change.*] onto handler &apos;BBSController&apos;
INFO : org.springframework.web.servlet.mvc.annotation.DefaultAnnotationHandlerMapping - Mapped URL path [/client/BBS/change/] onto handler &apos;BBSController&apos;
INFO : org.springframework.web.servlet.mvc.annotation.DefaultAnnotationHandlerMapping - Mapped URL path [/client/BBS/detail] onto handler &apos;BBSController&apos;
INFO : org.springframework.web.servlet.mvc.annotation.DefaultAnnotationHandlerMapping - Mapped URL path [/client/BBS/detail.*] onto handler &apos;BBSController&apos;
INFO : org.springframework.web.servlet.mvc.annotation.DefaultAnnotationHandlerMapping - Mapped URL path [/client/BBS/detail/] onto handler &apos;BBSController&apos;
INFO : org.springframework.web.servlet.mvc.annotation.DefaultAnnotationHandlerMapping - Mapped URL path [/create] onto handler &apos;homeController&apos;
INFO : org.springframework.web.servlet.mvc.annotation.DefaultAnnotationHandlerMapping - Mapped URL path [/create.*] onto handler &apos;homeController&apos;
INFO : org.springframework.web.servlet.mvc.annotation.DefaultAnnotationHandlerMapping - Mapped URL path [/create/] onto handler &apos;homeController&apos;
INFO : org.springframework.web.servlet.mvc.annotation.DefaultAnnotationHandlerMapping - Mapped URL path [/index] onto handler &apos;homeController&apos;
INFO : org.springframework.web.servlet.mvc.annotation.DefaultAnnotationHandlerMapping - Mapped URL path [/index.*] onto handler &apos;homeController&apos;
INFO : org.springframework.web.servlet.mvc.annotation.DefaultAnnotationHandlerMapping - Mapped URL path [/index/] onto handler &apos;homeController&apos;
INFO : org.springframework.web.servlet.mvc.annotation.DefaultAnnotationHandlerMapping - Root mapping to handler &apos;homeController&apos;
INFO : org.springframework.web.servlet.mvc.annotation.DefaultAnnotationHandlerMapping - Mapped URL path [/ajax_api] onto handler &apos;homeController&apos;
INFO : org.springframework.web.servlet.mvc.annotation.DefaultAnnotationHandlerMapping - Mapped URL path [/ajax_api.*] onto handler &apos;homeController&apos;
INFO : org.springframework.web.servlet.mvc.annotation.DefaultAnnotationHandlerMapping - Mapped URL path [/ajax_api/] onto handler &apos;homeController&apos;
INFO : org.springframework.web.servlet.mvc.annotation.DefaultAnnotationHandlerMapping - Mapped URL path [/login] onto handler &apos;homeController&apos;
INFO : org.springframework.web.servlet.mvc.annotation.DefaultAnnotationHandlerMapping - Mapped URL path [/login.*] onto handler &apos;homeController&apos;
INFO : org.springframework.web.servlet.mvc.annotation.DefaultAnnotationHandlerMapping - Mapped URL path [/login/] onto handler &apos;homeController&apos;
INFO : org.springframework.web.servlet.mvc.annotation.DefaultAnnotationHandlerMapping - Mapped URL path [/client/mblog/getAll] onto handler &apos;mblogController&apos;
INFO : org.springframework.web.servlet.mvc.annotation.DefaultAnnotationHandlerMapping - Mapped URL path [/client/mblog/getAll.*] onto handler &apos;mblogController&apos;
INFO : org.springframework.web.servlet.mvc.annotation.DefaultAnnotationHandlerMapping - Mapped URL path [/client/mblog/getAll/] onto handler &apos;mblogController&apos;
INFO : org.springframework.web.servlet.mvc.annotation.DefaultAnnotationHandlerMapping - Mapped URL path [/client/mblog/create] onto handler &apos;mblogController&apos;
INFO : org.springframework.web.servlet.mvc.annotation.DefaultAnnotationHandlerMapping - Mapped URL path [/client/mblog/create.*] onto handler &apos;mblogController&apos;
INFO : org.springframework.web.servlet.mvc.annotation.DefaultAnnotationHandlerMapping - Mapped URL path [/client/mblog/create/] onto handler &apos;mblogController&apos;
INFO : org.springframework.web.servlet.mvc.annotation.DefaultAnnotationHandlerMapping - Mapped URL path [/client/mblog/getMblogDatail] onto handler &apos;mblogController&apos;
INFO : org.springframework.web.servlet.mvc.annotation.DefaultAnnotationHandlerMapping - Mapped URL path [/client/mblog/getMblogDatail.*] onto handler &apos;mblogController&apos;
INFO : org.springframework.web.servlet.mvc.annotation.DefaultAnnotationHandlerMapping - Mapped URL path [/client/mblog/getMblogDatail/] onto handler &apos;mblogController&apos;
INFO : org.springframework.web.servlet.mvc.annotation.DefaultAnnotationHandlerMapping - Mapped URL path [/client/mblog/addcomment] onto handler &apos;mblogController&apos;
INFO : org.springframework.web.servlet.mvc.annotation.DefaultAnnotationHandlerMapping - Mapped URL path [/client/mblog/addcomment.*] onto handler &apos;mblogController&apos;
INFO : org.springframework.web.servlet.mvc.annotation.DefaultAnnotationHandlerMapping - Mapped URL path [/client/mblog/addcomment/] onto handler &apos;mblogController&apos;
INFO : org.springframework.web.servlet.mvc.annotation.DefaultAnnotationHandlerMapping - Mapped URL path [/client/mblog/delete] onto handler &apos;mblogController&apos;
INFO : org.springframework.web.servlet.mvc.annotation.DefaultAnnotationHandlerMapping - Mapped URL path [/client/mblog/delete.*] onto handler &apos;mblogController&apos;
INFO : org.springframework.web.servlet.mvc.annotation.DefaultAnnotationHandlerMapping - Mapped URL path [/client/mblog/delete/] onto handler &apos;mblogController&apos;
INFO : org.springframework.web.servlet.mvc.annotation.DefaultAnnotationHandlerMapping - Mapped URL path [/client/album/get] onto handler &apos;pictureController&apos;
INFO : org.springframework.web.servlet.mvc.annotation.DefaultAnnotationHandlerMapping - Mapped URL path [/client/album/get.*] onto handler &apos;pictureController&apos;
INFO : org.springframework.web.servlet.mvc.annotation.DefaultAnnotationHandlerMapping - Mapped URL path [/client/album/get/] onto handler &apos;pictureController&apos;
INFO : org.springframework.web.servlet.mvc.annotation.DefaultAnnotationHandlerMapping - Mapped URL path [/client/album/add] onto handler &apos;pictureController&apos;
INFO : org.springframework.web.servlet.mvc.annotation.DefaultAnnotationHandlerMapping - Mapped URL path [/client/album/add.*] onto handler &apos;pictureController&apos;
INFO : org.springframework.web.servlet.mvc.annotation.DefaultAnnotationHandlerMapping - Mapped URL path [/client/album/add/] onto handler &apos;pictureController&apos;
INFO : org.springframework.web.servlet.mvc.annotation.DefaultAnnotationHandlerMapping - Mapped URL path [/client/album/share] onto handler &apos;pictureController&apos;
INFO : org.springframework.web.servlet.mvc.annotation.DefaultAnnotationHandlerMapping - Mapped URL path [/client/album/share.*] onto handler &apos;pictureController&apos;
INFO : org.springframework.web.servlet.mvc.annotation.DefaultAnnotationHandlerMapping - Mapped URL path [/client/album/share/] onto handler &apos;pictureController&apos;
INFO : org.springframework.web.servlet.mvc.annotation.DefaultAnnotationHandlerMapping - Mapped URL path [/client/album/delete] onto handler &apos;pictureController&apos;
INFO : org.springframework.web.servlet.mvc.annotation.DefaultAnnotationHandlerMapping - Mapped URL path [/client/album/delete.*] onto handler &apos;pictureController&apos;
INFO : org.springframework.web.servlet.mvc.annotation.DefaultAnnotationHandlerMapping - Mapped URL path [/client/album/delete/] onto handler &apos;pictureController&apos;
INFO : org.springframework.web.servlet.mvc.annotation.DefaultAnnotationHandlerMapping - Mapped URL path [/client/album/rename] onto handler &apos;pictureController&apos;
INFO : org.springframework.web.servlet.mvc.annotation.DefaultAnnotationHandlerMapping - Mapped URL path [/client/album/rename.*] onto handler &apos;pictureController&apos;
INFO : org.springframework.web.servlet.mvc.annotation.DefaultAnnotationHandlerMapping - Mapped URL path [/client/album/rename/] onto handler &apos;pictureController&apos;
INFO : org.springframework.web.servlet.mvc.annotation.DefaultAnnotationHandlerMapping - Mapped URL path [/client/picture/upload/{albumName}/{descrip}] onto handler &apos;pictureController&apos;
INFO : org.springframework.web.servlet.mvc.annotation.DefaultAnnotationHandlerMapping - Mapped URL path [/client/picture/upload/{albumName}/{descrip}.*] onto handler &apos;pictureController&apos;
INFO : org.springframework.web.servlet.mvc.annotation.DefaultAnnotationHandlerMapping - Mapped URL path [/client/picture/upload/{albumName}/{descrip}/] onto handler &apos;pictureController&apos;
INFO : org.springframework.web.servlet.mvc.annotation.DefaultAnnotationHandlerMapping - Mapped URL path [/client/album/getMy] onto handler &apos;pictureController&apos;
INFO : org.springframework.web.servlet.mvc.annotation.DefaultAnnotationHandlerMapping - Mapped URL path [/client/album/getMy.*] onto handler &apos;pictureController&apos;
INFO : org.springframework.web.servlet.mvc.annotation.DefaultAnnotationHandlerMapping - Mapped URL path [/client/album/getMy/] onto handler &apos;pictureController&apos;
INFO : org.springframework.web.servlet.mvc.annotation.DefaultAnnotationHandlerMapping - Mapped URL path [/client/album/detail] onto handler &apos;pictureController&apos;
INFO : org.springframework.web.servlet.mvc.annotation.DefaultAnnotationHandlerMapping - Mapped URL path [/client/album/detail.*] onto handler &apos;pictureController&apos;
INFO : org.springframework.web.servlet.mvc.annotation.DefaultAnnotationHandlerMapping - Mapped URL path [/client/album/detail/] onto handler &apos;pictureController&apos;
INFO : org.springframework.web.servlet.mvc.annotation.DefaultAnnotationHandlerMapping - Mapped URL path [/client/picture/detail] onto handler &apos;pictureController&apos;
INFO : org.springframework.web.servlet.mvc.annotation.DefaultAnnotationHandlerMapping - Mapped URL path [/client/picture/detail.*] onto handler &apos;pictureController&apos;
INFO : org.springframework.web.servlet.mvc.annotation.DefaultAnnotationHandlerMapping - Mapped URL path [/client/picture/detail/] onto handler &apos;pictureController&apos;
INFO : org.springframework.web.servlet.mvc.annotation.DefaultAnnotationHandlerMapping - Mapped URL path [/client/letter/add] onto handler &apos;letterController&apos;
INFO : org.springframework.web.servlet.mvc.annotation.DefaultAnnotationHandlerMapping - Mapped URL path [/client/letter/add.*] onto handler &apos;letterController&apos;
INFO : org.springframework.web.servlet.mvc.annotation.DefaultAnnotationHandlerMapping - Mapped URL path [/client/letter/add/] onto handler &apos;letterController&apos;
INFO : org.springframework.web.servlet.mvc.annotation.DefaultAnnotationHandlerMapping - Mapped URL path [/client/letter/getone] onto handler &apos;letterController&apos;
INFO : org.springframework.web.servlet.mvc.annotation.DefaultAnnotationHandlerMapping - Mapped URL path [/client/letter/getone.*] onto handler &apos;letterController&apos;
INFO : org.springframework.web.servlet.mvc.annotation.DefaultAnnotationHandlerMapping - Mapped URL path [/client/letter/getone/] onto handler &apos;letterController&apos;
INFO : org.springframework.web.servlet.mvc.annotation.DefaultAnnotationHandlerMapping - Mapped URL path [/client/letter/getall] onto handler &apos;letterController&apos;
INFO : org.springframework.web.servlet.mvc.annotation.DefaultAnnotationHandlerMapping - Mapped URL path [/client/letter/getall.*] onto handler &apos;letterController&apos;
INFO : org.springframework.web.servlet.mvc.annotation.DefaultAnnotationHandlerMapping - Mapped URL path [/client/letter/getall/] onto handler &apos;letterController&apos;
INFO : org.springframework.web.servlet.mvc.annotation.DefaultAnnotationHandlerMapping - Mapped URL path [/client/user/getOnline] onto handler &apos;letterController&apos;
INFO : org.springframework.web.servlet.mvc.annotation.DefaultAnnotationHandlerMapping - Mapped URL path [/client/user/getOnline.*] onto handler &apos;letterController&apos;
INFO : org.springframework.web.servlet.mvc.annotation.DefaultAnnotationHandlerMapping - Mapped URL path [/client/user/getOnline/] onto handler &apos;letterController&apos;
INFO : org.springframework.web.servlet.mvc.annotation.DefaultAnnotationHandlerMapping - Mapped URL path [/client/leter/getlatest] onto handler &apos;letterController&apos;
INFO : org.springframework.web.servlet.mvc.annotation.DefaultAnnotationHandlerMapping - Mapped URL path [/client/leter/getlatest.*] onto handler &apos;letterController&apos;
INFO : org.springframework.web.servlet.mvc.annotation.DefaultAnnotationHandlerMapping - Mapped URL path [/client/leter/getlatest/] onto handler &apos;letterController&apos;
INFO : org.springframework.web.servlet.mvc.annotation.DefaultAnnotationHandlerMapping - Mapped URL path [/client/disugroup/create] onto handler &apos;letterController&apos;
INFO : org.springframework.web.servlet.mvc.annotation.DefaultAnnotationHandlerMapping - Mapped URL path [/client/disugroup/create.*] onto handler &apos;letterController&apos;
INFO : org.springframework.web.servlet.mvc.annotation.DefaultAnnotationHandlerMapping - Mapped URL path [/client/disugroup/create/] onto handler &apos;letterController&apos;
INFO : org.springframework.web.servlet.mvc.annotation.DefaultAnnotationHandlerMapping - Mapped URL path [/client/disugroup/adduser] onto handler &apos;letterController&apos;
INFO : org.springframework.web.servlet.mvc.annotation.DefaultAnnotationHandlerMapping - Mapped URL path [/client/disugroup/adduser.*] onto handler &apos;letterController&apos;
INFO : org.springframework.web.servlet.mvc.annotation.DefaultAnnotationHandlerMapping - Mapped URL path [/client/disugroup/adduser/] onto handler &apos;letterController&apos;
INFO : org.springframework.web.servlet.mvc.annotation.DefaultAnnotationHandlerMapping - Mapped URL path [/client/disugroup/send] onto handler &apos;letterController&apos;
INFO : org.springframework.web.servlet.mvc.annotation.DefaultAnnotationHandlerMapping - Mapped URL path [/client/disugroup/send.*] onto handler &apos;letterController&apos;
INFO : org.springframework.web.servlet.mvc.annotation.DefaultAnnotationHandlerMapping - Mapped URL path [/client/disugroup/send/] onto handler &apos;letterController&apos;
INFO : org.springframework.web.servlet.mvc.annotation.DefaultAnnotationHandlerMapping - Mapped URL path [/client/disugroup/receive] onto handler &apos;letterController&apos;
INFO : org.springframework.web.servlet.mvc.annotation.DefaultAnnotationHandlerMapping - Mapped URL path [/client/disugroup/receive.*] onto handler &apos;letterController&apos;
INFO : org.springframework.web.servlet.mvc.annotation.DefaultAnnotationHandlerMapping - Mapped URL path [/client/disugroup/receive/] onto handler &apos;letterController&apos;
INFO : org.springframework.web.servlet.mvc.annotation.DefaultAnnotationHandlerMapping - Mapped URL path [/client/file/getAll] onto handler &apos;fileController&apos;
INFO : org.springframework.web.servlet.mvc.annotation.DefaultAnnotationHandlerMapping - Mapped URL path [/client/file/getAll.*] onto handler &apos;fileController&apos;
INFO : org.springframework.web.servlet.mvc.annotation.DefaultAnnotationHandlerMapping - Mapped URL path [/client/file/getAll/] onto handler &apos;fileController&apos;
INFO : org.springframework.web.servlet.mvc.annotation.DefaultAnnotationHandlerMapping - Mapped URL path [/client/file/save/{prefix}/{postfix}] onto handler &apos;fileController&apos;
INFO : org.springframework.web.servlet.mvc.annotation.DefaultAnnotationHandlerMapping - Mapped URL path [/client/file/save/{prefix}/{postfix}.*] onto handler &apos;fileController&apos;
INFO : org.springframework.web.servlet.mvc.annotation.DefaultAnnotationHandlerMapping - Mapped URL path [/client/file/save/{prefix}/{postfix}/] onto handler &apos;fileController&apos;
INFO : org.springframework.web.servlet.mvc.annotation.DefaultAnnotationHandlerMapping - Mapped URL path [/client/file/delete/{id}] onto handler &apos;fileController&apos;
INFO : org.springframework.web.servlet.mvc.annotation.DefaultAnnotationHandlerMapping - Mapped URL path [/client/file/delete/{id}.*] onto handler &apos;fileController&apos;
INFO : org.springframework.web.servlet.mvc.annotation.DefaultAnnotationHandlerMapping - Mapped URL path [/client/file/delete/{id}/] onto handler &apos;fileController&apos;
INFO : org.springframework.web.servlet.mvc.annotation.DefaultAnnotationHandlerMapping - Mapped URL path [/client/message/create/some] onto handler &apos;messageController&apos;
INFO : org.springframework.web.servlet.mvc.annotation.DefaultAnnotationHandlerMapping - Mapped URL path [/client/message/create/some.*] onto handler &apos;messageController&apos;
INFO : org.springframework.web.servlet.mvc.annotation.DefaultAnnotationHandlerMapping - Mapped URL path [/client/message/create/some/] onto handler &apos;messageController&apos;
INFO : org.springframework.web.servlet.mvc.annotation.DefaultAnnotationHandlerMapping - Mapped URL path [/client/message/create/student] onto handler &apos;messageController&apos;
INFO : org.springframework.web.servlet.mvc.annotation.DefaultAnnotationHandlerMapping - Mapped URL path [/client/message/create/student.*] onto handler &apos;messageController&apos;
INFO : org.springframework.web.servlet.mvc.annotation.DefaultAnnotationHandlerMapping - Mapped URL path [/client/message/create/student/] onto handler &apos;messageController&apos;
INFO : org.springframework.web.servlet.mvc.annotation.DefaultAnnotationHandlerMapping - Mapped URL path [/client/message/getallunreaded] onto handler &apos;messageController&apos;
INFO : org.springframework.web.servlet.mvc.annotation.DefaultAnnotationHandlerMapping - Mapped URL path [/client/message/getallunreaded.*] onto handler &apos;messageController&apos;
INFO : org.springframework.web.servlet.mvc.annotation.DefaultAnnotationHandlerMapping - Mapped URL path [/client/message/getallunreaded/] onto handler &apos;messageController&apos;
INFO : org.springframework.web.servlet.mvc.annotation.DefaultAnnotationHandlerMapping - Mapped URL path [/client/message/getMy] onto handler &apos;messageController&apos;
INFO : org.springframework.web.servlet.mvc.annotation.DefaultAnnotationHandlerMapping - Mapped URL path [/client/message/getMy.*] onto handler &apos;messageController&apos;
INFO : org.springframework.web.servlet.mvc.annotation.DefaultAnnotationHandlerMapping - Mapped URL path [/client/message/getMy/] onto handler &apos;messageController&apos;
INFO : org.springframework.web.servlet.mvc.annotation.DefaultAnnotationHandlerMapping - Mapped URL path [/client/message/detailMy] onto handler &apos;messageController&apos;
INFO : org.springframework.web.servlet.mvc.annotation.DefaultAnnotationHandlerMapping - Mapped URL path [/client/message/detailMy.*] onto handler &apos;messageController&apos;
INFO : org.springframework.web.servlet.mvc.annotation.DefaultAnnotationHandlerMapping - Mapped URL path [/client/message/detailMy/] onto handler &apos;messageController&apos;
INFO : org.springframework.web.servlet.mvc.annotation.DefaultAnnotationHandlerMapping - Mapped URL path [/client/message/detail] onto handler &apos;messageController&apos;
INFO : org.springframework.web.servlet.mvc.annotation.DefaultAnnotationHandlerMapping - Mapped URL path [/client/message/detail.*] onto handler &apos;messageController&apos;
INFO : org.springframework.web.servlet.mvc.annotation.DefaultAnnotationHandlerMapping - Mapped URL path [/client/message/detail/] onto handler &apos;messageController&apos;
INFO : org.springframework.web.servlet.mvc.annotation.DefaultAnnotationHandlerMapping - Mapped URL path [/client/message/getall] onto handler &apos;messageController&apos;
INFO : org.springframework.web.servlet.mvc.annotation.DefaultAnnotationHandlerMapping - Mapped URL path [/client/message/getall.*] onto handler &apos;messageController&apos;
INFO : org.springframework.web.servlet.mvc.annotation.DefaultAnnotationHandlerMapping - Mapped URL path [/client/message/getall/] onto handler &apos;messageController&apos;
INFO : org.springframework.web.servlet.mvc.annotation.DefaultAnnotationHandlerMapping - Mapped URL path [/client/user/login] onto handler &apos;userController&apos;
INFO : org.springframework.web.servlet.mvc.annotation.DefaultAnnotationHandlerMapping - Mapped URL path [/client/user/login.*] onto handler &apos;userController&apos;
INFO : org.springframework.web.servlet.mvc.annotation.DefaultAnnotationHandlerMapping - Mapped URL path [/client/user/login/] onto handler &apos;userController&apos;
INFO : org.springframework.web.servlet.mvc.annotation.DefaultAnnotationHandlerMapping - Mapped URL path [/client/user/getAll] onto handler &apos;userController&apos;
INFO : org.springframework.web.servlet.mvc.annotation.DefaultAnnotationHandlerMapping - Mapped URL path [/client/user/getAll.*] onto handler &apos;userController&apos;
INFO : org.springframework.web.servlet.mvc.annotation.DefaultAnnotationHandlerMapping - Mapped URL path [/client/user/getAll/] onto handler &apos;userController&apos;
INFO : org.springframework.web.servlet.mvc.annotation.DefaultAnnotationHandlerMapping - Mapped URL path [/client/user/exit] onto handler &apos;userController&apos;
INFO : org.springframework.web.servlet.mvc.annotation.DefaultAnnotationHandlerMapping - Mapped URL path [/client/user/exit.*] onto handler &apos;userController&apos;
INFO : org.springframework.web.servlet.mvc.annotation.DefaultAnnotationHandlerMapping - Mapped URL path [/client/user/exit/] onto handler &apos;userController&apos;
INFO : org.springframework.web.servlet.mvc.annotation.DefaultAnnotationHandlerMapping - Mapped URL path [/client/user/changepassword] onto handler &apos;userController&apos;
INFO : org.springframework.web.servlet.mvc.annotation.DefaultAnnotationHandlerMapping - Mapped URL path [/client/user/changepassword.*] onto handler &apos;userController&apos;
INFO : org.springframework.web.servlet.mvc.annotation.DefaultAnnotationHandlerMapping - Mapped URL path [/client/user/changepassword/] onto handler &apos;userController&apos;
INFO : org.springframework.web.servlet.handler.SimpleUrlHandlerMapping - Mapped URL path [/resources/**] onto handler &apos;org.springframework.web.servlet.resource.ResourceHttpRequestHandler#0&apos;
Hibernate: select role0_.id as id21_, role0_.version as version21_, role0_.name as name21_ from Role role0_ where role0_.name=?
Hibernate: insert into User (version, createDate, headImg_id, loginName, loginPlace, online, password, realName) values (?, ?, ?, ?, ?, ?, ?, ?)
WARN : org.hibernate.util.JDBCExceptionReporter - SQL Error: 1062, SQLState: 23000
ERROR: org.hibernate.util.JDBCExceptionReporter - Duplicate entry &apos;eryuding&apos; for key &apos;loginName&apos;
ERROR: org.hibernate.event.def.AbstractFlushingEventListener - Could not synchronize database state with session
org.hibernate.exception.ConstraintViolationException: could not insert: [cn.edu.nju.tsip.entity.Teacher]
	at org.hibernate.exception.SQLStateConverter.convert(SQLStateConverter.java:94)
	at org.hibernate.exception.JDBCExceptionHelper.convert(JDBCExceptionHelper.java:66)
	at org.hibernate.id.insert.AbstractReturningDelegate.performInsert(AbstractReturningDelegate.java:64)
	at org.hibernate.persister.entity.AbstractEntityPersister.insert(AbstractEntityPersister.java:2176)
	at org.hibernate.persister.entity.AbstractEntityPersister.insert(AbstractEntityPersister.java:2656)
	at org.hibernate.action.EntityIdentityInsertAction.execute(EntityIdentityInsertAction.java:71)
	at org.hibernate.engine.ActionQueue.execute(ActionQueue.java:279)
	at org.hibernate.engine.ActionQueue.executeActions(ActionQueue.java:263)
	at org.hibernate.engine.ActionQueue.executeActions(ActionQueue.java:167)
	at org.hibernate.event.def.AbstractFlushingEventListener.performExecutions(AbstractFlushingEventListener.java:321)
	at org.hibernate.event.def.DefaultFlushEventListener.onFlush(DefaultFlushEventListener.java:50)
	at org.hibernate.impl.SessionImpl.flush(SessionImpl.java:1028)
	at org.springframework.orm.hibernate3.HibernateAccessor.flushIfNecessary(HibernateAccessor.java:390)
	at org.springframework.orm.hibernate3.HibernateTemplate.doExecute(HibernateTemplate.java:407)
	at org.springframework.orm.hibernate3.HibernateTemplate.executeWithNativeSession(HibernateTemplate.java:374)
	at org.springframework.orm.hibernate3.HibernateTemplate.persist(HibernateTemplate.java:793)
	at cn.edu.nju.tsip.dao.impl.DaoImpl.persist(DaoImpl.java:22)
	at cn.edu.nju.tsip.service.impl.TeacherServiceImpl.create(TeacherServiceImpl.java:15)
	at cn.edu.nju.tsip.service.impl.TeacherServiceImpl.create(TeacherServiceImpl.java:1)
	at cn.edu.nju.tsip.service.impl.ServiceImpl.create(ServiceImpl.java:1)
	at cn.edu.nju.tsip.test.service.TeacherServiceTest.createTest(TeacherServiceTest.java:60)
	at sun.reflect.NativeMethodAccessorImpl.invoke0(Native Method)
	at sun.reflect.NativeMethodAccessorImpl.invoke(NativeMethodAccessorImpl.java:39)
	at sun.reflect.DelegatingMethodAccessorImpl.invoke(DelegatingMethodAccessorImpl.java:25)
	at java.lang.reflect.Method.invoke(Method.java:597)
	at org.junit.runners.model.FrameworkMethod$1.runReflectiveCall(FrameworkMethod.java:44)
	at org.junit.internal.runners.model.ReflectiveCallable.run(ReflectiveCallable.java:15)
	at org.junit.runners.model.FrameworkMethod.invokeExplosively(FrameworkMethod.java:41)
	at org.junit.internal.runners.statements.InvokeMethod.evaluate(InvokeMethod.java:20)
	at org.junit.runners.BlockJUnit4ClassRunner.runChild(BlockJUnit4ClassRunner.java:76)
	at org.junit.runners.BlockJUnit4ClassRunner.runChild(BlockJUnit4ClassRunner.java:50)
	at org.junit.runners.ParentRunner$3.run(ParentRunner.java:193)
	at org.junit.runners.ParentRunner$1.schedule(ParentRunner.java:52)
	at org.junit.runners.ParentRunner.runChildren(ParentRunner.java:191)
	at org.junit.runners.ParentRunner.access$000(ParentRunner.java:42)
	at org.junit.runners.ParentRunner$2.evaluate(ParentRunner.java:184)
	at org.junit.runners.ParentRunner.run(ParentRunner.java:236)
	at org.apache.maven.surefire.junit4.JUnit4TestSet.execute(JUnit4TestSet.java:35)
	at org.apache.maven.surefire.junit4.JUnit4Provider.executeTestSet(JUnit4Provider.java:115)
	at org.apache.maven.surefire.junit4.JUnit4Provider.invoke(JUnit4Provider.java:97)
	at sun.reflect.NativeMethodAccessorImpl.invoke0(Native Method)
	at sun.reflect.NativeMethodAccessorImpl.invoke(NativeMethodAccessorImpl.java:39)
	at sun.reflect.DelegatingMethodAccessorImpl.invoke(DelegatingMethodAccessorImpl.java:25)
	at java.lang.reflect.Method.invoke(Method.java:597)
	at org.apache.maven.surefire.booter.ProviderFactory$ClassLoaderProxy.invoke(ProviderFactory.java:103)
	at $Proxy0.invoke(Unknown Source)
	at org.apache.maven.surefire.booter.SurefireStarter.invokeProvider(SurefireStarter.java:150)
	at org.apache.maven.surefire.booter.SurefireStarter.runSuitesInProcess(SurefireStarter.java:91)
	at org.apache.maven.surefire.booter.ForkedBooter.main(ForkedBooter.java:69)
Caused by: com.mysql.jdbc.exceptions.jdbc4.MySQLIntegrityConstraintViolationException: Duplicate entry &apos;eryuding&apos; for key &apos;loginName&apos;
	at sun.reflect.NativeConstructorAccessorImpl.newInstance0(Native Method)
	at sun.reflect.NativeConstructorAccessorImpl.newInstance(NativeConstructorAccessorImpl.java:39)
	at sun.reflect.DelegatingConstructorAccessorImpl.newInstance(DelegatingConstructorAccessorImpl.java:27)
	at java.lang.reflect.Constructor.newInstance(Constructor.java:513)
	at com.mysql.jdbc.Util.handleNewInstance(Util.java:406)
	at com.mysql.jdbc.Util.getInstance(Util.java:381)
	at com.mysql.jdbc.SQLError.createSQLException(SQLError.java:1015)
	at com.mysql.jdbc.SQLError.createSQLException(SQLError.java:956)
	at com.mysql.jdbc.MysqlIO.checkErrorPacket(MysqlIO.java:3491)
	at com.mysql.jdbc.MysqlIO.checkErrorPacket(MysqlIO.java:3423)
	at com.mysql.jdbc.MysqlIO.sendCommand(MysqlIO.java:1936)
	at com.mysql.jdbc.MysqlIO.sqlQueryDirect(MysqlIO.java:2060)
	at com.mysql.jdbc.ConnectionImpl.execSQL(ConnectionImpl.java:2542)
	at com.mysql.jdbc.PreparedStatement.executeInternal(PreparedStatement.java:1734)
	at com.mysql.jdbc.PreparedStatement.executeUpdate(PreparedStatement.java:2019)
	at com.mysql.jdbc.PreparedStatement.executeUpdate(PreparedStatement.java:1937)
	at com.mysql.jdbc.PreparedStatement.executeUpdate(PreparedStatement.java:1922)
	at org.apache.commons.dbcp.DelegatingPreparedStatement.executeUpdate(DelegatingPreparedStatement.java:102)
	at org.hibernate.id.IdentityGenerator$GetGeneratedKeysDelegate.executeAndExtract(IdentityGenerator.java:94)
	at org.hibernate.id.insert.AbstractReturningDelegate.performInsert(AbstractReturningDelegate.java:57)
	... 46 more
</system-out>
  </testcase>
</testsuite>